Warning: ignoring unsupported tag `ALLOW_UNICODE_NAMES    =' at line 79, file /home/travis/build/italia/cie-nis-cpp-sdk/Doxyfile.Travis
Warning: ignoring unsupported tag `TOC_INCLUDE_HEADINGS   =' at line 313, file /home/travis/build/italia/cie-nis-cpp-sdk/Doxyfile.Travis
Warning: ignoring unsupported tag `GROUP_NESTED_COMPOUNDS =' at line 370, file /home/travis/build/italia/cie-nis-cpp-sdk/Doxyfile.Travis
Warning: ignoring unsupported tag `HIDE_COMPOUND_REFERENCE=' at line 541, file /home/travis/build/italia/cie-nis-cpp-sdk/Doxyfile.Travis
Warning: ignoring unsupported tag `WARN_AS_ERROR          =' at line 765, file /home/travis/build/italia/cie-nis-cpp-sdk/Doxyfile.Travis
Warning: Tag `CLANG_ASSISTED_PARSING' at line 1082 of file /home/travis/build/italia/cie-nis-cpp-sdk/Doxyfile.Travis belongs to an option that was not enabled at compile time.
To avoid this warning please remove this line from your configuration file, upgrade it using "doxygen -u", or recompile doxygen with this feature enabled.
Warning: Tag `CLANG_OPTIONS' at line 1090 of file /home/travis/build/italia/cie-nis-cpp-sdk/Doxyfile.Travis belongs to an option that was not enabled at compile time.
To avoid this warning please remove this line from your configuration file, upgrade it using "doxygen -u", or recompile doxygen with this feature enabled.
Warning: ignoring unsupported tag `LATEX_EXTRA_STYLESHEET =' at line 1762, file /home/travis/build/italia/cie-nis-cpp-sdk/Doxyfile.Travis
Warning: ignoring unsupported tag `LATEX_TIMESTAMP        =' at line 1829, file /home/travis/build/italia/cie-nis-cpp-sdk/Doxyfile.Travis
Warning: ignoring unsupported tag `RTF_SOURCE_CODE        =' at line 1895, file /home/travis/build/italia/cie-nis-cpp-sdk/Doxyfile.Travis
Warning: ignoring unsupported tag `MAN_SUBDIR             =' at line 1930, file /home/travis/build/italia/cie-nis-cpp-sdk/Doxyfile.Travis
Warning: ignoring unsupported tag `DOCBOOK_PROGRAMLISTING =' at line 1993, file /home/travis/build/italia/cie-nis-cpp-sdk/Doxyfile.Travis
Warning: ignoring unsupported tag `PLANTUML_JAR_PATH      =' at line 2424, file /home/travis/build/italia/cie-nis-cpp-sdk/Doxyfile.Travis
Warning: ignoring unsupported tag `PLANTUML_CFG_FILE      =' at line 2429, file /home/travis/build/italia/cie-nis-cpp-sdk/Doxyfile.Travis
Warning: ignoring unsupported tag `PLANTUML_INCLUDE_PATH  =' at line 2434, file /home/travis/build/italia/cie-nis-cpp-sdk/Doxyfile.Travis
Searching for include files...
Searching for example files...
Searching for images...
Searching for dot files...
Searching for msc files...
Searching for dia files...
Searching for files to exclude
Searching for files to process...
Searching for files in directory /home/travis/build/italia/cie-nis-cpp-sdk/src
Searching for files in directory /home/travis/build/italia/cie-nis-cpp-sdk/src/arch
Searching for files in directory /home/travis/build/italia/cie-nis-cpp-sdk/src/arch/posix
Searching for files in directory /home/travis/build/italia/cie-nis-cpp-sdk/src/test
Searching for files in directory /home/travis/build/italia/cie-nis-cpp-sdk/doxymisc
Reading and parsing tag files
Parsing files
Preprocessing /home/travis/build/italia/cie-nis-cpp-sdk/src/arch/posix/thread.cpp...
Parsing file /home/travis/build/italia/cie-nis-cpp-sdk/src/arch/posix/thread.cpp...
Preprocessing /home/travis/build/italia/cie-nis-cpp-sdk/src/arch/posix/thread.h...
Parsing file /home/travis/build/italia/cie-nis-cpp-sdk/src/arch/posix/thread.h...
Preprocessing /home/travis/build/italia/cie-nis-cpp-sdk/src/executor.h...
Parsing file /home/travis/build/italia/cie-nis-cpp-sdk/src/executor.h...
Preprocessing /home/travis/build/italia/cie-nis-cpp-sdk/src/nis.cpp...
Parsing file /home/travis/build/italia/cie-nis-cpp-sdk/src/nis.cpp...
Preprocessing /home/travis/build/italia/cie-nis-cpp-sdk/src/nis.h...
Parsing file /home/travis/build/italia/cie-nis-cpp-sdk/src/nis.h...
Preprocessing /home/travis/build/italia/cie-nis-cpp-sdk/src/nis_manager.cpp...
Parsing file /home/travis/build/italia/cie-nis-cpp-sdk/src/nis_manager.cpp...
Preprocessing /home/travis/build/italia/cie-nis-cpp-sdk/src/nis_manager.h...
Parsing file /home/travis/build/italia/cie-nis-cpp-sdk/src/nis_manager.h...
Preprocessing /home/travis/build/italia/cie-nis-cpp-sdk/src/nis_types.h...
Parsing file /home/travis/build/italia/cie-nis-cpp-sdk/src/nis_types.h...
Preprocessing /home/travis/build/italia/cie-nis-cpp-sdk/src/reader.cpp...
Parsing file /home/travis/build/italia/cie-nis-cpp-sdk/src/reader.cpp...
Preprocessing /home/travis/build/italia/cie-nis-cpp-sdk/src/reader.h...
Parsing file /home/travis/build/italia/cie-nis-cpp-sdk/src/reader.h...
Preprocessing /home/travis/build/italia/cie-nis-cpp-sdk/src/reader_pcsc.cpp...
Parsing file /home/travis/build/italia/cie-nis-cpp-sdk/src/reader_pcsc.cpp...
Preprocessing /home/travis/build/italia/cie-nis-cpp-sdk/src/reader_pcsc.h...
Parsing file /home/travis/build/italia/cie-nis-cpp-sdk/src/reader_pcsc.h...
Preprocessing /home/travis/build/italia/cie-nis-cpp-sdk/src/requests.cpp...
Parsing file /home/travis/build/italia/cie-nis-cpp-sdk/src/requests.cpp...
Preprocessing /home/travis/build/italia/cie-nis-cpp-sdk/src/requests.h...
Parsing file /home/travis/build/italia/cie-nis-cpp-sdk/src/requests.h...
Preprocessing /home/travis/build/italia/cie-nis-cpp-sdk/src/test/example-backup.cpp...
Parsing file /home/travis/build/italia/cie-nis-cpp-sdk/src/test/example-backup.cpp...
Preprocessing /home/travis/build/italia/cie-nis-cpp-sdk/src/test/example-interactive.cpp...
Parsing file /home/travis/build/italia/cie-nis-cpp-sdk/src/test/example-interactive.cpp...
Preprocessing /home/travis/build/italia/cie-nis-cpp-sdk/src/test/example-nis.cpp...
Parsing file /home/travis/build/italia/cie-nis-cpp-sdk/src/test/example-nis.cpp...
Preprocessing /home/travis/build/italia/cie-nis-cpp-sdk/src/test/example-verify.cpp...
Parsing file /home/travis/build/italia/cie-nis-cpp-sdk/src/test/example-verify.cpp...
Preprocessing /home/travis/build/italia/cie-nis-cpp-sdk/src/token.cpp...
Parsing file /home/travis/build/italia/cie-nis-cpp-sdk/src/token.cpp...
Preprocessing /home/travis/build/italia/cie-nis-cpp-sdk/src/token.h...
Parsing file /home/travis/build/italia/cie-nis-cpp-sdk/src/token.h...
Preprocessing /home/travis/build/italia/cie-nis-cpp-sdk/src/token_pcsc.cpp...
Parsing file /home/travis/build/italia/cie-nis-cpp-sdk/src/token_pcsc.cpp...
Preprocessing /home/travis/build/italia/cie-nis-cpp-sdk/src/token_pcsc.h...
Parsing file /home/travis/build/italia/cie-nis-cpp-sdk/src/token_pcsc./home/travis/build/italia/cie-nis-cpp-sdk/src/requests.h:1: warning: the name `request.h' supplied as the second argument in the \file statement is not an input file
/home/travis/build/italia/cie-nis-cpp-sdk/src/token_pcsc.h:17: warning: Compound nis::implementation::TokenPCSC is not documented.
/home/travis/build/italia/cie-nis-cpp-sdk/src/token.h:20: warning: Compound nis::interface::Token is not documented.
/home/travis/build/italia/cie-nis-cpp-sdk/src/reader_pcsc.h:22: warning: Compound nis::implementation::ReaderPCSC is not documented.
/home/travis/build/italia/cie-nis-cpp-sdk/src/reader.h:22: warning: Compound nis::interface::Reader is not documented.
/home/travis/build/italia/cie-nis-cpp-sdk/src/nis_types.h:23: warning: Documentation for undefined enum `Represents' found.
/home/travis/build/italia/cie-nis-cpp-sdk/src/nis_types.h:32: warning: Documentation for undefined enum `Represents' found.
/home/travis/build/italia/cie-nis-cpp-sdk/src/nis_types.h:39: warning: Documentation for undefined enum `Represents' found.
/home/travis/build/italia/cie-nis-cpp-sdk/src/nis.cpp:204: warning: Member NIS_ConfigHandle(NISHandle handle, uint32_t config) (function) of file nis.cpp is not documented.
/home/travis/build/italia/cie-nis-cpp-sdk/src/nis.cpp:229: warning: Member NIS_Reset(NISHandle handle) (function) of file nis.cpp is not documented.
/home/travis/build/italia/cie-nis-cpp-sdk/src/nis.cpp:136: warning: argument 'lenData' of command @param is not found in the argument list of NIS_ReadNis(NISHandle handle, char *const nisData, nis_callback_t callback, uint32_t interval, uint32_t *uid)
/home/travis/build/italia/cie-nis-cpp-sdk/src/nis.cpp:136: warning: argument 'the' of command @param is not found in the argument list of NIS_ReadNis(NISHandle handle, char *const nisData, nis_callback_t callback, uint32_t interval, uint32_t *uid)
/home/travis/build/italia/cie-nis-cpp-sdk/src/nis.cpp:136: warning: The following parameters of NIS_ReadNis(NISHandle handle, char *const nisData, nis_callback_t callback, uint32_t interval, uint32_t *uid) are not documented:
  parameter 'uid'
/home/travis/build/italia/cie-nis-cpp-sdk/src/nis_types.h:13: warning: Member NIS_LENGTH (macro definition) of file nis_types.h is not documented.
/home/travis/build/italia/cie-nis-cpp-sdk/src/nis_types.h:25: warning: Member TokResult (enumeration) of file nis_types.h is not documented.
/home/travis/build/italia/cie-nis-cpp-sdk/src/nis_types.h:34: warning: Member ReaderResult (enumeration) of file nis_types.h is not documented.
/home/travis/build/italia/cie-nis-cpp-sdk/src/nis_types.h:41: warning: Member BackendType (enumeration) of file nis_types.h is not documented.
/home/travis/build/italia/cie-nis-cpp-sdk/src/reader.h:2: warning: explicit link request to 'Token' could not be resolved
/home/travis/build/italia/cie-nis-cpp-sdk/src/test/example-nis.cpp:14: warning: Member _TCHAR (macro definition) of file example-nis.cpp is not documented.
/home/travis/build/italia/cie-nis-cpp-sdk/src/test/example-nis.cpp:16: warning: Member deinit(void) (function) of file example-nis.cpp is not documented.
/home/travis/build/italia/cie-nis-cpp-sdk/src/test/example-nis.cpp:22: warning: Member callback1(char *const nisData, size_t lenData) (function) of file example-nis.cpp is not documented.
/home/travis/build/italia/cie-nis-cpp-sdk/src/test/example-nis.cpp:28: warning: Member callback2(char *const nisData, size_t lenData) (function) of file example-nis.cpp is not documented.
/home/travis/build/italia/cie-nis-cpp-sdk/src/test/example-nis.cpp:34: warning: Member main(int argc, _TCHAR *argv[]) (function) of file example-nis.cpp is not documented.
/home/travis/build/italia/cie-nis-cpp-sdk/src/nis_manager.h:60: warning: Member operator=(const NISManager &)=delete (function) of class NISManager is not documented.
/home/travis/build/italia/cie-nis-cpp-sdk/src/nis_manager.h:106: warning: Member removeExecutor(uint32_t uid, bool mustLock=true) (function) of class NISManager is not documented.
/home/travis/build/italia/cie-nis-cpp-sdk/src/nis_manager.h:107: warning: Member removeAllExecutors() (function) of class NISManager is not documented.
/home/travis/build/italia/cie-nis-cpp-sdk/src/nis_manager.h:108: warning: Member lockExecutors() (function) of class NISManager is not documented.
/home/travis/build/italia/cie-nis-cpp-sdk/src/nis_manager.h:109: warning: Member unlockExecutors() (function) of class NISManager is not documented.
/home/travis/build/italia/cie-nis-cpp-sdk/src/nis_manager.h:111: warning: Member getIdentifiersList() (function) of class NISManager is not documented.
/home/travis/build/italia/cie-nis-cpp-sdk/src/nis_manager.h:112: warning: Member deleteIdentifiersList() (function) of class NISManager is not documented.
/home/travis/build/italia/cie-nis-cpp-sdk/src/nis_manager.h:113: warning: Member allocateIdentifiersList(size_t len) (function) of class NISManager is not documented.
/home/travis/build/italia/cie-nis-cpp-sdk/src/nis_manager.h:70: warning: argument 'backendType' of command @param is not found in the argument list of NISManager::addBackend(BackendType backtype, shared_ptr< Reader > backend)
/home/travis/build/italia/cie-nis-cpp-sdk/src/nis_manager.h:70: warning: The following parameters of NISManager::addBackend(BackendType backtype, shared_ptr< Reader > backend) are not documented:
  parameter 'backtype'
/home/travis/build/italia/cie-nis-cpp-sdk/src/nis_manager.h:78: warning: argument 'backendType' of command @param is not found in the argument list of NISManager::removeBackend(BackendType backtype)
/home/travis/build/italia/cie-nis-cpp-sdk/src/nis_manager.h:78: warning: The following parameters of NISManager::removeBackend(BackendType backtype) are not documented:
  parameter 'backtype'
/home/travis/build/italia/cie-nis-cpp-sdk/src/executor.h:30: warning: explicit link request to 'pollData' could not be resolved
/home/travis/build/italia/cie-nis-cpp-sdk/src/reader_pcsc.h:35: warning: Member hasContext() (function) of class nis::implementation::ReaderPCSC is not documented.
/home/travis/build/italia/cie-nis-cpp-sdk/src/token_pcsc.h:24: warning: Member TokenPCSC(const string &identifier, SCARDCONTEXT context) (function) of class nis::implementation::TokenPCSC is not documented.
/home/travis/build/italia/cie-nis-cpp-sdk/src/token_pcsc.h:28: warning: argument 'array' of command @param is not found in the argument list of nis::implementation::TokenPCSC::transmit(const std::vector< BYTE > &apdu, std::vector< BYTE > &response) const inherited from member transmit at line 36 in file /home/travis/build/italia/cie-nis-cpp-sdk/src/token.h
/home/travis/build/italia/cie-nis-cpp-sdk/src/token_pcsc.h:28: warning: argument 'the' of command @param is not found in the argument list of nis::implementation::TokenPCSC::transmit(const std::vector< BYTE > &apdu, std::vector< BYTE > &response) const inherited from member transmit at line 36 in file /home/travis/build/italia/cie-nis-cpp-sdk/src/token.h
/home/travis/build/italia/cie-nis-cpp-sdk/src/token_pcsc.h:28: warning: The following parameters of nis::implementation::TokenPCSC::transmit(const std::vector< BYTE > &apdu, std::vector< BYTE > &response) const are not documented:
  parameter 'apdu'
  parameter 'response'
h...
Preprocessing /home/travis/build/italia/cie-nis-cpp-sdk/src/uid.h...
Parsing file /home/travis/build/italia/cie-nis-cpp-sdk/src/uid.h...
Preprocessing /home/travis/build/italia/cie-nis-cpp-sdk/doxymisc/mainpage.dox...
Parsing file /home/travis/build/italia/cie-nis-cpp-sdk/doxymisc/mainpage.dox...
Building group list...
Building directory list...
Building namespace list...
Building file list...
Building class list...
Associating documentation with classes...
Computing nesting relations for classes...
Building example list...
Searching for enumerations...
Searching for documented typedefs...
Searching for members imported via using declarations...
Searching for included using directives...
Searching for documented variables...
Building interface member list...
Building member list...
Searching for friends...
Searching for documented defines...
Computing class inheritance relations...
Computing class usage relations...
Flushing cached template relations that have become invalid...
Creating members for template instances...
Computing class relations...
Add enum values to enums...
Searching for member function documentation...
Building page list...
Search for main page...
Computing page relations...
Determining the scope of groups...
Sorting lists...
Freeing entry tree
Determining which enums are documented
Computing member relations...
Building full member lists recursively...
Adding members to member groups.
Computing member references...
Inheriting documentation...
Generating disk names...
Adding source references...
Adding xrefitems...
Sorting member lists...
Computing dependencies between directories...
Generating citations page...
Counting data structures...
Resolving user defined references...
Finding anchors and sections in the documentation...
Transferring function references...
Combining using relations...
Adding members to index pages...
Generating style sheet...
Generating search indices...
Generating example documentation...
Generating file sources...
Generating code for file /home/travis/build/italia/cie-nis-cpp-sdk/src/arch/posix/thread.h...
Generating code for file /home/travis/build/italia/cie-nis-cpp-sdk/src/executor.h...
Generating code for file /home/travis/build/italia/cie-nis-cpp-sdk/src/nis.h...
Generating code for file /home/travis/build/italia/cie-nis-cpp-sdk/src/nis_manager.h...
Generating code for file /home/travis/build/italia/cie-nis-cpp-sdk/src/nis_types.h...
Generating code for file /home/travis/build/italia/cie-nis-cpp-sdk/src/reader.h...
Generating code for file /home/travis/build/italia/cie-nis-cpp-sdk/src/reader_pcsc.h...
Generating code for file /home/travis/build/italia/cie-nis-cpp-sdk/src/requests.h...
Generating code for file /home/travis/build/italia/cie-nis-cpp-sdk/src/token.h...
Generating code for file /home/travis/build/italia/cie-nis-cpp-sdk/src/token_pcsc.h...
Generating code for file /home/travis/build/italia/cie-nis-cpp-sdk/src/uid.h...
Generating file documentation...
Generating docs for file /home/travis/build/italia/cie-nis-cpp-sdk/src/executor.h...
Generating docs for file /home/travis/build/italia/cie-nis-cpp-sdk/src/nis.cpp...
Generating docs for file /home/travis/build/italia/cie-nis-cpp-sdk/src/nis_manager.cpp...
Generating docs for file /home/travis/build/italia/cie-nis-cpp-sdk/src/nis_manager.h...
Generating docs for file /home/travis/build/italia/cie-nis-cpp-sdk/src/nis_types.h...
Generating docs for file /home/travis/build/italia/cie-nis-cpp-sdk/src/reader.h...
Generating docs for file /home/travis/build/italia/cie-nis-cpp-sdk/src/test/example-nis.cpp...
Generating docs for file /home/travis/build/italia/cie-nis-cpp-sdk/src/token.h...
Generating page documentation...
Generating group documentation...
Generating class documentation...
Generating docs for compound NISManager...
Generating docs for compound PollExecutor...
Generating docs for compound Utils...
Generating namespace index...
Generating docs for compound nis::implementation::ReaderPCSC...
Generating docs for compound nis::implementation::TokenPCSC...
Generating docs for compound nis::interface::Reader/home/travis/build/italia/cie-nis-cpp-sdk/src/reader.h:41: warning: Found unknown command `\aram'
/home/travis/build/italia/cie-nis-cpp-sdk/src/token.h:36: warning: argument 'array' of command @param is not found in the argument list of nis::interface::Token::transmit(const std::vector< BYTE > &apdu, std::vector< BYTE > &response) const =0
/home/travis/build/italia/cie-nis-cpp-sdk/src/token.h:36: warning: argument 'the' of command @param is not found in the argument list of nis::interface::Token::transmit(const std::vector< BYTE > &apdu, std::vector< BYTE > &response) const =0
/home/travis/build/italia/cie-nis-cpp-sdk/src/token.h:36: warning: The following parameters of nis::interface::Token::transmit(const std::vector< BYTE > &apdu, std::vector< BYTE > &response) const =0 are not documented:
  parameter 'apdu'
  parameter 'response'
...
Generating docs for compound nis::interface::Token...
Generating graph info page...
Generating directory documentation...
Generating dependency graph for directory /home/travis/build/italia/cie-nis-cpp-sdk/src/arch
Generating dependency graph for directory /home/travis/build/italia/cie-nis-cpp-sdk/src/arch/posix
Generating dependency graph for directory /home/travis/build/italia/cie-nis-cpp-sdk/src
Generating dependency graph for directory /home/travis/build/italia/cie-nis-cpp-sdk/src/test
Generating index page...
Generating page index...
Generating module index...
Generating namespace index...
Generating namespace member index...
Generating annotated compound index...
Generating alphabetical compound index...
Generating hierarchical class index...
Generating graphical class hierarchy...
Generating member index...
Generating file index...
Generating file member index...
Generating example index...
finalizing index lists...
Running dot...
Generating dot graphs using 33 parallel threads...
Running dot for graph 1/52
Running dot for graph 2/52
Running dot for graph 3/52
Running dot for graph 4/52
Running dot for graph 5/52
Running dot for graph 6/52
Running dot for graph 7/52
Running dot for graph 8/52
Running dot for graph 9/52
Running dot for graph 10/52
Running dot for graph 11/52
Running dot for graph 12/52
Running dot for graph 13/52
Running dot for graph 14/52
Running dot for graph 15/52
Running dot for graph 16/52
Running dot for graph 17/52
Running dot for graph 18/52
Running dot for graph 19/52
Running dot for graph 20/52
Running dot for graph 21/52
Running dot for graph 22/52
Running dot for graph 23/52
Running dot for graph 24/52
Running dot for graph 25/52
Running dot for graph 26/52
Running dot for graph 27/52
Running dot for graph 28/52
Running dot for graph 29/52
Running dot for graph 30/52
Running dot for graph 31/52
Running dot for graph 32/52
Running dot for graph 33/52
Running dot for graph 34/52
Running dot for graph 35/52
Running dot for graph 36/52
Running dot for graph 37/52
Running dot for graph 38/52
Running dot for graph 39/52
Running dot for graph 40/52
Running dot for graph 41/52
Running dot for graph 42/52
Running dot for graph 43/52
Running dot for graph 44/52
Running dot for graph 45/52
Running dot for graph 46/52
Running dot for graph 47/52
Running dot for graph 48/52
Running dot for graph 49/52
Running dot for graph 50/52
Running dot for graph 51/52
Running dot for graph 52/52
Patching output file 1/33
Patching output file 2/33
Patching output file 3/33
Patching output file 4/33
Patching output file 5/33
Patching output file 6/33
Patching output file 7/33
Patching output file 8/33
Patching output file 9/33
Patching output file 10/33
Patching output file 11/33
Patching output file 12/33
Patching output file 13/33
Patching output file 14/33
Patching output file 15/33
Patching output file 16/33
Patching output file 17/33
Patching output file 18/33
Patching output file 19/33
Patching output file 20/33
Patching output file 21/33
Patching output file 22/33
Patching output file 23/33
Patching output file 24/33
Patching output file 25/33
Patching output file 26/33
Patching output file 27/33
Patching output file 28/33
Patching output file 29/33
Patching output file 30/33
Patching output file 31/33
Patching output file 32/33
Patching output file 33/33
lookup cache used 200/65536 hits=1118 misses=211
finished...
